<?xml version="1.0" encoding="UTF-8"?>
<testsuite name="runner.TestRunner" time="0.014" tests="6" errors="0" skipped="4" failures="2">
  <properties>
[...]
</properties>
  <testcase name="Given I am on the login page" classname="Scenario: Verify login functionality using valid crexentials" time="0.005">
    <failure type="java.lang.AssertionError:">java.lang.AssertionError: null
	at org.junit.Assert.fail(Assert.java:86)
	at org.junit.Assert.assertTrue(Assert.java:41)
	at org.junit.Assert.assertTrue(Assert.java:52)
	at stepDefinition.LoginTest.i_am_on_the_login_page(LoginTest.java:18)
	at ✽.Given I am on the login page(feature/login.feature:7)
</failure>
    <system-out><![CDATA[Feature: Test Login functionality
  I want to make sure the login functionality is working
]]></system-out>
    <system-err><![CDATA[Starting ChromeDriver 2.42.591059 (a3d9684d10d61aa0c45f6723b327283be1ebaad8) on port 1415
Only local connections are allowed.
Dec 16, 2020 7:52:29 PM org.openqa.selenium.remote.ProtocolHandshake createSession
INFO: Detected dialect: OSS
]]></system-err>
  </testcase>
  <testcase name="Scenario: Verify login functionality using valid crexentials" classname="Scenario: Verify login functionality using valid crexentials" time="0.009">
    <failure type="java.lang.AssertionError:">java.lang.AssertionError: null
	at org.junit.Assert.fail(Assert.java:86)
	at org.junit.Assert.assertTrue(Assert.java:41)
	at org.junit.Assert.assertTrue(Assert.java:52)
	at stepDefinition.LoginTest.i_am_on_the_login_page(LoginTest.java:18)
	at ✽.Given I am on the login page(feature/login.feature:7)
</failure>
  </testcase>
  <testcase name="And I entered valid username" classname="Scenario: Verify login functionality using valid crexentials" time="0">
    <skipped/>
  </testcase>
  <testcase name="And I entered Valid password" classname="Scenario: Verify login functionality using valid crexentials" time="0">
    <skipped/>
  </testcase>
  <testcase name="When I click the login button" classname="Scenario: Verify login functionality using valid crexentials" time="0">
    <skipped/>
  </testcase>
  <testcase name="Then I should see the dashboard" classname="Scenario: Verify login functionality using valid crexentials" time="0">
    <skipped/>
  </testcase>
</testsuite>